1614157428833:current
1614157453899:exit
1614511411899:current
1614511421913:purchase
1614511428936:sell 50
1614511431942:current
1614511701060:purchase
1614511706073:purchase 20
1614511711082:sell
1614511716096:sell 200
1614511723110:current
1614511728131:sell 120
1614511733140:sell 20
1614511739156:current
1614511848909:purchase 10
1614511852915:current
1614511857930:sell 110
1614511874976:sell 105
1614511880024:current
1647616511133:purchase
1647616520666:purchase 1
1647616527456:sell 2
1647616531331:current
1647616540814:sell 50
1647616545455:current
1647801090852:help
1647801111581:Purchase 100
1647801120837:purchase 100
1647801142118:purchase
1647801262111:purchase 100
